"pkg-config --exists libffi"
package configuration for libffi is not found
have_header: checking for ffi.h... -------------------- no

"gcc -o conftest -I/home/kuboy/.rbenv/versions/2.4.0/include/ruby-2.4.0/x86_64-linux -I/home/kuboy/.rbenv/versions/2.4.0/include/ruby-2.4.0/ruby/backward -I/home/kuboy/.rbenv/versions/2.4.0/include/ruby-2.4.0 -I. -I/home/kuboy/.rbenv/versions/2.4.0/include    -O3 -fno-fast-math -ggdb3 -Wall -Wextra -Wno-unused-parameter -Wno-parentheses -Wno-long-long -Wno-missing-field-initializers -Wno-tautological-compare -Wno-parentheses-equality -Wno-constant-logical-operand -Wno-self-assign -Wunused-variable -Wimplicit-int -Wpointer-arith -Wwrite-strings -Wdeclaration-after-statement -Wimplicit-function-declaration -Wdeprecated-declarations -Wno-packed-bitfield-compat -Wsuggest-attribute=noreturn -Wsuggest-attribute=format conftest.c  -L. -L/home/kuboy/.rbenv/versions/2.4.0/lib -Wl,-R/home/kuboy/.rbenv/versions/2.4.0/lib -L. -L/home/kuboy/.rbenv/versions/2.4.0/lib  -fstack-protector -rdynamic -Wl,-export-dynamic     -Wl,-R/home/kuboy/.rbenv/versions/2.4.0/lib -L/home/kuboy/.rbenv/versions/2.4.0/lib -lruby-static  -lpthread -ldl -lcrypt -lm   -lc"
checked program was:
/* begin */
1: #include "ruby.h"
2: 
3: int main(int argc, char **argv)
4: {
5:   return 0;
6: }
/* end */

"gcc -E -I/home/kuboy/.rbenv/versions/2.4.0/include/ruby-2.4.0/x86_64-linux -I/home/kuboy/.rbenv/versions/2.4.0/include/ruby-2.4.0/ruby/backward -I/home/kuboy/.rbenv/versions/2.4.0/include/ruby-2.4.0 -I. -I/home/kuboy/.rbenv/versions/2.4.0/include    -O3 -fno-fast-math -ggdb3 -Wall -Wextra -Wno-unused-parameter -Wno-parentheses -Wno-long-long -Wno-missing-field-initializers -Wno-tautological-compare -Wno-parentheses-equality -Wno-constant-logical-operand -Wno-self-assign -Wunused-variable -Wimplicit-int -Wpointer-arith -Wwrite-strings -Wdeclaration-after-statement -Wimplicit-function-declaration -Wdeprecated-declarations -Wno-packed-bitfield-compat -Wsuggest-attribute=noreturn -Wsuggest-attribute=format  conftest.c -o conftest.i"
conftest.c:3:17: fatal error: ffi.h: そのようなファイルやディレクトリはありません
 #include <ffi.h>
                 ^
compilation terminated.
checked program was:
/* begin */
1: #include "ruby.h"
2: 
3: #include <ffi.h>
/* end */

--------------------

find_header: checking for ffi.h in /usr/local/include,/usr/include/ffi... -------------------- no

"gcc -E -I/home/kuboy/.rbenv/versions/2.4.0/include/ruby-2.4.0/x86_64-linux -I/home/kuboy/.rbenv/versions/2.4.0/include/ruby-2.4.0/ruby/backward -I/home/kuboy/.rbenv/versions/2.4.0/include/ruby-2.4.0 -I. -I/home/kuboy/.rbenv/versions/2.4.0/include    -O3 -fno-fast-math -ggdb3 -Wall -Wextra -Wno-unused-parameter -Wno-parentheses -Wno-long-long -Wno-missing-field-initializers -Wno-tautological-compare -Wno-parentheses-equality -Wno-constant-logical-operand -Wno-self-assign -Wunused-variable -Wimplicit-int -Wpointer-arith -Wwrite-strings -Wdeclaration-after-statement -Wimplicit-function-declaration -Wdeprecated-declarations -Wno-packed-bitfield-compat -Wsuggest-attribute=noreturn -Wsuggest-attribute=format  conftest.c -o conftest.i"
conftest.c:3:17: fatal error: ffi.h: そのようなファイルやディレクトリはありません
 #include <ffi.h>
                 ^
compilation terminated.
checked program was:
/* begin */
1: #include "ruby.h"
2: 
3: #include <ffi.h>
/* end */

"gcc -E -I/home/kuboy/.rbenv/versions/2.4.0/include/ruby-2.4.0/x86_64-linux -I/home/kuboy/.rbenv/versions/2.4.0/include/ruby-2.4.0/ruby/backward -I/home/kuboy/.rbenv/versions/2.4.0/include/ruby-2.4.0 -I. -I/home/kuboy/.rbenv/versions/2.4.0/include    -O3 -fno-fast-math -ggdb3 -Wall -Wextra -Wno-unused-parameter -Wno-parentheses -Wno-long-long -Wno-missing-field-initializers -Wno-tautological-compare -Wno-parentheses-equality -Wno-constant-logical-operand -Wno-self-assign -Wunused-variable -Wimplicit-int -Wpointer-arith -Wwrite-strings -Wdeclaration-after-statement -Wimplicit-function-declaration -Wdeprecated-declarations -Wno-packed-bitfield-compat -Wsuggest-attribute=noreturn -Wsuggest-attribute=format -I/usr/local/include conftest.c -o conftest.i"
conftest.c:3:17: fatal error: ffi.h: そのようなファイルやディレクトリはありません
 #include <ffi.h>
                 ^
compilation terminated.
checked program was:
/* begin */
1: #include "ruby.h"
2: 
3: #include <ffi.h>
/* end */

"gcc -E -I/home/kuboy/.rbenv/versions/2.4.0/include/ruby-2.4.0/x86_64-linux -I/home/kuboy/.rbenv/versions/2.4.0/include/ruby-2.4.0/ruby/backward -I/home/kuboy/.rbenv/versions/2.4.0/include/ruby-2.4.0 -I. -I/home/kuboy/.rbenv/versions/2.4.0/include    -O3 -fno-fast-math -ggdb3 -Wall -Wextra -Wno-unused-parameter -Wno-parentheses -Wno-long-long -Wno-missing-field-initializers -Wno-tautological-compare -Wno-parentheses-equality -Wno-constant-logical-operand -Wno-self-assign -Wunused-variable -Wimplicit-int -Wpointer-arith -Wwrite-strings -Wdeclaration-after-statement -Wimplicit-function-declaration -Wdeprecated-declarations -Wno-packed-bitfield-compat -Wsuggest-attribute=noreturn -Wsuggest-attribute=format -I/usr/include/ffi conftest.c -o conftest.i"
conftest.c:3:17: fatal error: ffi.h: そのようなファイルやディレクトリはありません
 #include <ffi.h>
                 ^
compilation terminated.
checked program was:
/* begin */
1: #include "ruby.h"
2: 
3: #include <ffi.h>
/* end */

--------------------

have_header: checking for shlwapi.h... -------------------- no

"gcc -E -I/home/kuboy/.rbenv/versions/2.4.0/include/ruby-2.4.0/x86_64-linux -I/home/kuboy/.rbenv/versions/2.4.0/include/ruby-2.4.0/ruby/backward -I/home/kuboy/.rbenv/versions/2.4.0/include/ruby-2.4.0 -I. -I/home/kuboy/.rbenv/versions/2.4.0/include    -O3 -fno-fast-math -ggdb3 -Wall -Wextra -Wno-unused-parameter -Wno-parentheses -Wno-long-long -Wno-missing-field-initializers -Wno-tautological-compare -Wno-parentheses-equality -Wno-constant-logical-operand -Wno-self-assign -Wunused-variable -Wimplicit-int -Wpointer-arith -Wwrite-strings -Wdeclaration-after-statement -Wimplicit-function-declaration -Wdeprecated-declarations -Wno-packed-bitfield-compat -Wsuggest-attribute=noreturn -Wsuggest-attribute=format  conftest.c -o conftest.i"
conftest.c:3:21: fatal error: shlwapi.h: そのようなファイルやディレクトリはありません
 #include <shlwapi.h>
                     ^
compilation terminated.
checked program was:
/* begin */
1: #include "ruby.h"
2: 
3: #include <shlwapi.h>
/* end */

--------------------

have_func: checking for rb_thread_blocking_region()... -------------------- no

"gcc -o conftest -I/home/kuboy/.rbenv/versions/2.4.0/include/ruby-2.4.0/x86_64-linux -I/home/kuboy/.rbenv/versions/2.4.0/include/ruby-2.4.0/ruby/backward -I/home/kuboy/.rbenv/versions/2.4.0/include/ruby-2.4.0 -I. -I/home/kuboy/.rbenv/versions/2.4.0/include    -O3 -fno-fast-math -ggdb3 -Wall -Wextra -Wno-unused-parameter -Wno-parentheses -Wno-long-long -Wno-missing-field-initializers -Wno-tautological-compare -Wno-parentheses-equality -Wno-constant-logical-operand -Wno-self-assign -Wunused-variable -Wimplicit-int -Wpointer-arith -Wwrite-strings -Wdeclaration-after-statement -Wimplicit-function-declaration -Wdeprecated-declarations -Wno-packed-bitfield-compat -Wsuggest-attribute=noreturn -Wsuggest-attribute=format conftest.c  -L. -L/home/kuboy/.rbenv/versions/2.4.0/lib -Wl,-R/home/kuboy/.rbenv/versions/2.4.0/lib -L. -L/home/kuboy/.rbenv/versions/2.4.0/lib  -fstack-protector -rdynamic -Wl,-export-dynamic     -Wl,-R/home/kuboy/.rbenv/versions/2.4.0/lib -L/home/kuboy/.rbenv/versions/2.4.0/lib -lruby-static  -lpthread -ldl -lcrypt -lm   -lc"
conftest.c: In function ‘t’:
conftest.c:13:57: error: ‘rb_thread_blocking_region’ undeclared (first use in this function)
 int t(void) { void ((*volatile p)()); p = (void ((*)()))rb_thread_blocking_region; return !p; }
                                                         ^
conftest.c:13:57: note: each undeclared identifier is reported only once for each function it appears in
conftest.c: At top level:
cc1: warning: unrecognized command line option "-Wno-self-assign" [enabled by default]
cc1: warning: unrecognized command line option "-Wno-constant-logical-operand" [enabled by default]
cc1: warning: unrecognized command line option "-Wno-parentheses-equality" [enabled by default]
cc1: warning: unrecognized command line option "-Wno-tautological-compare" [enabled by default]
checked program was:
/* begin */
 1: #include "ruby.h"
 2: 
 3: /*top*/
 4: extern int t(void);
 5: int main(int argc, char **argv)
 6: {
 7:   if (argc > 1000000) {
 8:     printf("%p", &t);
 9:   }
10: 
11:   return 0;
12: }
13: int t(void) { void ((*volatile p)()); p = (void ((*)()))rb_thread_blocking_region; return !p; }
/* end */

"gcc -o conftest -I/home/kuboy/.rbenv/versions/2.4.0/include/ruby-2.4.0/x86_64-linux -I/home/kuboy/.rbenv/versions/2.4.0/include/ruby-2.4.0/ruby/backward -I/home/kuboy/.rbenv/versions/2.4.0/include/ruby-2.4.0 -I. -I/home/kuboy/.rbenv/versions/2.4.0/include    -O3 -fno-fast-math -ggdb3 -Wall -Wextra -Wno-unused-parameter -Wno-parentheses -Wno-long-long -Wno-missing-field-initializers -Wno-tautological-compare -Wno-parentheses-equality -Wno-constant-logical-operand -Wno-self-assign -Wunused-variable -Wimplicit-int -Wpointer-arith -Wwrite-strings -Wdeclaration-after-statement -Wimplicit-function-declaration -Wdeprecated-declarations -Wno-packed-bitfield-compat -Wsuggest-attribute=noreturn -Wsuggest-attribute=format conftest.c  -L. -L/home/kuboy/.rbenv/versions/2.4.0/lib -Wl,-R/home/kuboy/.rbenv/versions/2.4.0/lib -L. -L/home/kuboy/.rbenv/versions/2.4.0/lib  -fstack-protector -rdynamic -Wl,-export-dynamic     -Wl,-R/home/kuboy/.rbenv/versions/2.4.0/lib -L/home/kuboy/.rbenv/versions/2.4.0/lib -lruby-static  -lpthread -ldl -lcrypt -lm   -lc"
/tmp/cc0l8Zgo.o: 関数 `t' 内:
/home/kuboy/web_app/vendor/bundle/ruby/2.4.0/gems/ffi-1.9.18/ext/ffi_c/conftest.c:14: `rb_thread_blocking_region' に対する定義されていない参照です
collect2: error: ld returned 1 exit status
checked program was:
/* begin */
 1: #include "ruby.h"
 2: 
 3: /*top*/
 4: extern int t(void);
 5: int main(int argc, char **argv)
 6: {
 7:   if (argc > 1000000) {
 8:     printf("%p", &t);
 9:   }
10: 
11:   return 0;
12: }
13: extern void rb_thread_blocking_region();
14: int t(void) { rb_thread_blocking_region(); return 0; }
/* end */

--------------------

have_func: checking for rb_thread_call_with_gvl()... -------------------- yes

"gcc -o conftest -I/home/kuboy/.rbenv/versions/2.4.0/include/ruby-2.4.0/x86_64-linux -I/home/kuboy/.rbenv/versions/2.4.0/include/ruby-2.4.0/ruby/backward -I/home/kuboy/.rbenv/versions/2.4.0/include/ruby-2.4.0 -I. -I/home/kuboy/.rbenv/versions/2.4.0/include    -O3 -fno-fast-math -ggdb3 -Wall -Wextra -Wno-unused-parameter -Wno-parentheses -Wno-long-long -Wno-missing-field-initializers -Wno-tautological-compare -Wno-parentheses-equality -Wno-constant-logical-operand -Wno-self-assign -Wunused-variable -Wimplicit-int -Wpointer-arith -Wwrite-strings -Wdeclaration-after-statement -Wimplicit-function-declaration -Wdeprecated-declarations -Wno-packed-bitfield-compat -Wsuggest-attribute=noreturn -Wsuggest-attribute=format conftest.c  -L. -L/home/kuboy/.rbenv/versions/2.4.0/lib -Wl,-R/home/kuboy/.rbenv/versions/2.4.0/lib -L. -L/home/kuboy/.rbenv/versions/2.4.0/lib  -fstack-protector -rdynamic -Wl,-export-dynamic     -Wl,-R/home/kuboy/.rbenv/versions/2.4.0/lib -L/home/kuboy/.rbenv/versions/2.4.0/lib -lruby-static  -lpthread -ldl -lcrypt -lm   -lc"
conftest.c: In function ‘t’:
conftest.c:13:57: error: ‘rb_thread_call_with_gvl’ undeclared (first use in this function)
 int t(void) { void ((*volatile p)()); p = (void ((*)()))rb_thread_call_with_gvl; return !p; }
                                                         ^
conftest.c:13:57: note: each undeclared identifier is reported only once for each function it appears in
conftest.c: At top level:
cc1: warning: unrecognized command line option "-Wno-self-assign" [enabled by default]
cc1: warning: unrecognized command line option "-Wno-constant-logical-operand" [enabled by default]
cc1: warning: unrecognized command line option "-Wno-parentheses-equality" [enabled by default]
cc1: warning: unrecognized command line option "-Wno-tautological-compare" [enabled by default]
checked program was:
/* begin */
 1: #include "ruby.h"
 2: 
 3: /*top*/
 4: extern int t(void);
 5: int main(int argc, char **argv)
 6: {
 7:   if (argc > 1000000) {
 8:     printf("%p", &t);
 9:   }
10: 
11:   return 0;
12: }
13: int t(void) { void ((*volatile p)()); p = (void ((*)()))rb_thread_call_with_gvl; return !p; }
/* end */

"gcc -o conftest -I/home/kuboy/.rbenv/versions/2.4.0/include/ruby-2.4.0/x86_64-linux -I/home/kuboy/.rbenv/versions/2.4.0/include/ruby-2.4.0/ruby/backward -I/home/kuboy/.rbenv/versions/2.4.0/include/ruby-2.4.0 -I. -I/home/kuboy/.rbenv/versions/2.4.0/include    -O3 -fno-fast-math -ggdb3 -Wall -Wextra -Wno-unused-parameter -Wno-parentheses -Wno-long-long -Wno-missing-field-initializers -Wno-tautological-compare -Wno-parentheses-equality -Wno-constant-logical-operand -Wno-self-assign -Wunused-variable -Wimplicit-int -Wpointer-arith -Wwrite-strings -Wdeclaration-after-statement -Wimplicit-function-declaration -Wdeprecated-declarations -Wno-packed-bitfield-compat -Wsuggest-attribute=noreturn -Wsuggest-attribute=format conftest.c  -L. -L/home/kuboy/.rbenv/versions/2.4.0/lib -Wl,-R/home/kuboy/.rbenv/versions/2.4.0/lib -L. -L/home/kuboy/.rbenv/versions/2.4.0/lib  -fstack-protector -rdynamic -Wl,-export-dynamic     -Wl,-R/home/kuboy/.rbenv/versions/2.4.0/lib -L/home/kuboy/.rbenv/versions/2.4.0/lib -lruby-static  -lpthread -ldl -lcrypt -lm   -lc"
checked program was:
/* begin */
 1: #include "ruby.h"
 2: 
 3: /*top*/
 4: extern int t(void);
 5: int main(int argc, char **argv)
 6: {
 7:   if (argc > 1000000) {
 8:     printf("%p", &t);
 9:   }
10: 
11:   return 0;
12: }
13: extern void rb_thread_call_with_gvl();
14: int t(void) { rb_thread_call_with_gvl(); return 0; }
/* end */

--------------------

have_func: checking for rb_thread_call_without_gvl()... -------------------- yes

"gcc -o conftest -I/home/kuboy/.rbenv/versions/2.4.0/include/ruby-2.4.0/x86_64-linux -I/home/kuboy/.rbenv/versions/2.4.0/include/ruby-2.4.0/ruby/backward -I/home/kuboy/.rbenv/versions/2.4.0/include/ruby-2.4.0 -I. -I/home/kuboy/.rbenv/versions/2.4.0/include    -O3 -fno-fast-math -ggdb3 -Wall -Wextra -Wno-unused-parameter -Wno-parentheses -Wno-long-long -Wno-missing-field-initializers -Wno-tautological-compare -Wno-parentheses-equality -Wno-constant-logical-operand -Wno-self-assign -Wunused-variable -Wimplicit-int -Wpointer-arith -Wwrite-strings -Wdeclaration-after-statement -Wimplicit-function-declaration -Wdeprecated-declarations -Wno-packed-bitfield-compat -Wsuggest-attribute=noreturn -Wsuggest-attribute=format conftest.c  -L. -L/home/kuboy/.rbenv/versions/2.4.0/lib -Wl,-R/home/kuboy/.rbenv/versions/2.4.0/lib -L. -L/home/kuboy/.rbenv/versions/2.4.0/lib  -fstack-protector -rdynamic -Wl,-export-dynamic     -Wl,-R/home/kuboy/.rbenv/versions/2.4.0/lib -L/home/kuboy/.rbenv/versions/2.4.0/lib -lruby-static  -lpthread -ldl -lcrypt -lm   -lc"
conftest.c: In function ‘t’:
conftest.c:13:57: error: ‘rb_thread_call_without_gvl’ undeclared (first use in this function)
 int t(void) { void ((*volatile p)()); p = (void ((*)()))rb_thread_call_without_gvl; return !p; }
                                                         ^
conftest.c:13:57: note: each undeclared identifier is reported only once for each function it appears in
conftest.c: At top level:
cc1: warning: unrecognized command line option "-Wno-self-assign" [enabled by default]
cc1: warning: unrecognized command line option "-Wno-constant-logical-operand" [enabled by default]
cc1: warning: unrecognized command line option "-Wno-parentheses-equality" [enabled by default]
cc1: warning: unrecognized command line option "-Wno-tautological-compare" [enabled by default]
checked program was:
/* begin */
 1: #include "ruby.h"
 2: 
 3: /*top*/
 4: extern int t(void);
 5: int main(int argc, char **argv)
 6: {
 7:   if (argc > 1000000) {
 8:     printf("%p", &t);
 9:   }
10: 
11:   return 0;
12: }
13: int t(void) { void ((*volatile p)()); p = (void ((*)()))rb_thread_call_without_gvl; return !p; }
/* end */

"gcc -o conftest -I/home/kuboy/.rbenv/versions/2.4.0/include/ruby-2.4.0/x86_64-linux -I/home/kuboy/.rbenv/versions/2.4.0/include/ruby-2.4.0/ruby/backward -I/home/kuboy/.rbenv/versions/2.4.0/include/ruby-2.4.0 -I. -I/home/kuboy/.rbenv/versions/2.4.0/include    -O3 -fno-fast-math -ggdb3 -Wall -Wextra -Wno-unused-parameter -Wno-parentheses -Wno-long-long -Wno-missing-field-initializers -Wno-tautological-compare -Wno-parentheses-equality -Wno-constant-logical-operand -Wno-self-assign -Wunused-variable -Wimplicit-int -Wpointer-arith -Wwrite-strings -Wdeclaration-after-statement -Wimplicit-function-declaration -Wdeprecated-declarations -Wno-packed-bitfield-compat -Wsuggest-attribute=noreturn -Wsuggest-attribute=format conftest.c  -L. -L/home/kuboy/.rbenv/versions/2.4.0/lib -Wl,-R/home/kuboy/.rbenv/versions/2.4.0/lib -L. -L/home/kuboy/.rbenv/versions/2.4.0/lib  -fstack-protector -rdynamic -Wl,-export-dynamic     -Wl,-R/home/kuboy/.rbenv/versions/2.4.0/lib -L/home/kuboy/.rbenv/versions/2.4.0/lib -lruby-static  -lpthread -ldl -lcrypt -lm   -lc"
checked program was:
/* begin */
 1: #include "ruby.h"
 2: 
 3: /*top*/
 4: extern int t(void);
 5: int main(int argc, char **argv)
 6: {
 7:   if (argc > 1000000) {
 8:     printf("%p", &t);
 9:   }
10: 
11:   return 0;
12: }
13: extern void rb_thread_call_without_gvl();
14: int t(void) { rb_thread_call_without_gvl(); return 0; }
/* end */

--------------------

have_func: checking for ffi_prep_cif_var()... -------------------- no

"gcc -o conftest -I/home/kuboy/.rbenv/versions/2.4.0/include/ruby-2.4.0/x86_64-linux -I/home/kuboy/.rbenv/versions/2.4.0/include/ruby-2.4.0/ruby/backward -I/home/kuboy/.rbenv/versions/2.4.0/include/ruby-2.4.0 -I. -I/home/kuboy/.rbenv/versions/2.4.0/include    -O3 -fno-fast-math -ggdb3 -Wall -Wextra -Wno-unused-parameter -Wno-parentheses -Wno-long-long -Wno-missing-field-initializers -Wno-tautological-compare -Wno-parentheses-equality -Wno-constant-logical-operand -Wno-self-assign -Wunused-variable -Wimplicit-int -Wpointer-arith -Wwrite-strings -Wdeclaration-after-statement -Wimplicit-function-declaration -Wdeprecated-declarations -Wno-packed-bitfield-compat -Wsuggest-attribute=noreturn -Wsuggest-attribute=format conftest.c  -L. -L/home/kuboy/.rbenv/versions/2.4.0/lib -Wl,-R/home/kuboy/.rbenv/versions/2.4.0/lib -L. -L/home/kuboy/.rbenv/versions/2.4.0/lib  -fstack-protector -rdynamic -Wl,-export-dynamic     -Wl,-R/home/kuboy/.rbenv/versions/2.4.0/lib -L/home/kuboy/.rbenv/versions/2.4.0/lib -lruby-static  -lpthread -ldl -lcrypt -lm   -lc"
conftest.c: In function ‘t’:
conftest.c:13:57: error: ‘ffi_prep_cif_var’ undeclared (first use in this function)
 int t(void) { void ((*volatile p)()); p = (void ((*)()))ffi_prep_cif_var; return !p; }
                                                         ^
conftest.c:13:57: note: each undeclared identifier is reported only once for each function it appears in
conftest.c: At top level:
cc1: warning: unrecognized command line option "-Wno-self-assign" [enabled by default]
cc1: warning: unrecognized command line option "-Wno-constant-logical-operand" [enabled by default]
cc1: warning: unrecognized command line option "-Wno-parentheses-equality" [enabled by default]
cc1: warning: unrecognized command line option "-Wno-tautological-compare" [enabled by default]
checked program was:
/* begin */
 1: #include "ruby.h"
 2: 
 3: /*top*/
 4: extern int t(void);
 5: int main(int argc, char **argv)
 6: {
 7:   if (argc > 1000000) {
 8:     printf("%p", &t);
 9:   }
10: 
11:   return 0;
12: }
13: int t(void) { void ((*volatile p)()); p = (void ((*)()))ffi_prep_cif_var; return !p; }
/* end */

"gcc -o conftest -I/home/kuboy/.rbenv/versions/2.4.0/include/ruby-2.4.0/x86_64-linux -I/home/kuboy/.rbenv/versions/2.4.0/include/ruby-2.4.0/ruby/backward -I/home/kuboy/.rbenv/versions/2.4.0/include/ruby-2.4.0 -I. -I/home/kuboy/.rbenv/versions/2.4.0/include    -O3 -fno-fast-math -ggdb3 -Wall -Wextra -Wno-unused-parameter -Wno-parentheses -Wno-long-long -Wno-missing-field-initializers -Wno-tautological-compare -Wno-parentheses-equality -Wno-constant-logical-operand -Wno-self-assign -Wunused-variable -Wimplicit-int -Wpointer-arith -Wwrite-strings -Wdeclaration-after-statement -Wimplicit-function-declaration -Wdeprecated-declarations -Wno-packed-bitfield-compat -Wsuggest-attribute=noreturn -Wsuggest-attribute=format conftest.c  -L. -L/home/kuboy/.rbenv/versions/2.4.0/lib -Wl,-R/home/kuboy/.rbenv/versions/2.4.0/lib -L. -L/home/kuboy/.rbenv/versions/2.4.0/lib  -fstack-protector -rdynamic -Wl,-export-dynamic     -Wl,-R/home/kuboy/.rbenv/versions/2.4.0/lib -L/home/kuboy/.rbenv/versions/2.4.0/lib -lruby-static  -lpthread -ldl -lcrypt -lm   -lc"
/tmp/ccaUP4iK.o: 関数 `t' 内:
/home/kuboy/web_app/vendor/bundle/ruby/2.4.0/gems/ffi-1.9.18/ext/ffi_c/conftest.c:14: `ffi_prep_cif_var' に対する定義されていない参照です
collect2: error: ld returned 1 exit status
checked program was:
/* begin */
 1: #include "ruby.h"
 2: 
 3: /*top*/
 4: extern int t(void);
 5: int main(int argc, char **argv)
 6: {
 7:   if (argc > 1000000) {
 8:     printf("%p", &t);
 9:   }
10: 
11:   return 0;
12: }
13: extern void ffi_prep_cif_var();
14: int t(void) { ffi_prep_cif_var(); return 0; }
/* end */

--------------------

extconf.h is:
/* begin */
1: #ifndef EXTCONF_H
2: #define EXTCONF_H
3: #define HAVE_RB_THREAD_CALL_WITH_GVL 1
4: #define HAVE_RB_THREAD_CALL_WITHOUT_GVL 1
5: #define USE_INTERNAL_LIBFFI 1
6: #define RUBY_1_9 1
7: #endif
/* end */

